mode: set
gallery-downloader/config/config.go:51.40,53.2 1 1
gallery-downloader/config/config.go:56.69,58.16 2 0
gallery-downloader/config/config.go:61.2,61.32 1 0
gallery-downloader/config/config.go:58.16,60.3 1 0
gallery-downloader/config/config.go:64.70,69.16 5 1
gallery-downloader/config/config.go:72.2,72.17 1 1
gallery-downloader/config/config.go:69.16,71.3 1 0
gallery-downloader/scan/list_item.go:17.59,19.16 2 1
gallery-downloader/scan/list_item.go:22.2,25.8 1 1
gallery-downloader/scan/list_item.go:19.16,21.3 1 0
gallery-downloader/scan/list_item.go:29.53,31.2 1 0
gallery-downloader/scan/list_item.go:35.46,37.2 1 0
gallery-downloader/scan/list_item.go:41.54,44.37 3 0
gallery-downloader/scan/list_item.go:47.2,47.25 1 0
gallery-downloader/scan/list_item.go:44.37,46.3 1 0
gallery-downloader/scan/list_item.go:51.49,55.25 3 1
gallery-downloader/scan/list_item.go:67.2,68.17 2 1
gallery-downloader/scan/list_item.go:55.25,56.51 1 1
gallery-downloader/scan/list_item.go:63.3,63.54 1 1
gallery-downloader/scan/list_item.go:56.51,57.55 1 1
gallery-downloader/scan/list_item.go:57.55,58.70 1 1
gallery-downloader/scan/list_item.go:58.70,60.6 1 1
gallery-downloader/scan/list_item.go:63.54,65.4 1 1
gallery-downloader/scan/regexp.go:10.62,11.20 1 1
gallery-downloader/scan/regexp.go:15.2,17.3 1 1
gallery-downloader/scan/regexp.go:11.20,13.38 1 0
gallery-downloader/scan/regexp.go:20.53,23.2 2 1
gallery-downloader/scan/regexp.go:25.39,27.18 2 1
gallery-downloader/scan/regexp.go:30.2,30.21 1 1
gallery-downloader/scan/regexp.go:35.2,35.25 1 0
gallery-downloader/scan/regexp.go:27.18,29.3 1 1
gallery-downloader/scan/regexp.go:30.21,33.3 1 1
gallery-downloader/scan/regexp.go:38.44,40.16 2 0
gallery-downloader/scan/regexp.go:43.2,44.28 2 0
gallery-downloader/scan/regexp.go:53.2,53.14 1 0
gallery-downloader/scan/regexp.go:40.16,42.3 1 0
gallery-downloader/scan/regexp.go:44.28,45.22 1 0
gallery-downloader/scan/regexp.go:51.3,51.30 1 0
gallery-downloader/scan/regexp.go:45.22,48.12 2 0
gallery-downloader/scan/css_selector.go:18.78,19.16 1 0
gallery-downloader/scan/css_selector.go:23.2,26.3 1 0
gallery-downloader/scan/css_selector.go:19.16,21.44 1 0
gallery-downloader/scan/css_selector.go:29.55,33.16 3 0
gallery-downloader/scan/css_selector.go:36.2,36.12 1 0
gallery-downloader/scan/css_selector.go:33.16,35.3 1 0
gallery-downloader/scan/css_selector.go:39.41,41.17 2 0
gallery-downloader/scan/css_selector.go:44.2,47.24 4 0
gallery-downloader/scan/css_selector.go:41.17,43.3 1 0
gallery-downloader/scan/css_selector.go:50.46,52.18 2 0
gallery-downloader/scan/css_selector.go:55.2,56.29 2 0
gallery-downloader/scan/css_selector.go:59.2,60.15 2 0
gallery-downloader/scan/css_selector.go:52.18,54.3 1 0
gallery-downloader/scan/css_selector.go:56.29,58.3 1 0
gallery-downloader/scan/css_selector.go:63.58,64.32 1 0
gallery-downloader/scan/css_selector.go:71.2,71.11 1 0
gallery-downloader/scan/css_selector.go:64.32,65.28 1 0
gallery-downloader/scan/css_selector.go:65.28,66.26 1 0
gallery-downloader/scan/css_selector.go:66.26,68.5 1 0
gallery-downloader/scan/gallery.go:9.62,10.32 1 0
gallery-downloader/scan/gallery.go:16.2,16.30 1 0
gallery-downloader/scan/gallery.go:22.2,22.28 1 0
gallery-downloader/scan/gallery.go:28.2,30.8 1 0
gallery-downloader/scan/gallery.go:10.32,12.17 2 0
gallery-downloader/scan/gallery.go:12.17,14.4 1 0
gallery-downloader/scan/gallery.go:16.30,18.17 2 0
gallery-downloader/scan/gallery.go:18.17,20.4 1 0
gallery-downloader/scan/gallery.go:22.28,24.17 2 0
gallery-downloader/scan/gallery.go:24.17,26.4 1 0
gallery-downloader/scan/gallery.go:34.39,36.2 1 0
gallery-downloader/scan/gallery.go:40.32,42.2 1 0
gallery-downloader/scan/gallery.go:46.40,47.34 1 0
gallery-downloader/scan/gallery.go:50.2,50.37 1 0
gallery-downloader/scan/gallery.go:47.34,49.3 1 0
gallery-downloader/scan/gallery.go:54.35,56.2 1 0
gallery-downloader/scan/source.go:28.13,33.2 1 1
gallery-downloader/scan/source.go:35.82,36.53 1 1
gallery-downloader/scan/source.go:47.2,47.18 1 1
gallery-downloader/scan/source.go:36.53,37.28 1 1
gallery-downloader/scan/source.go:37.28,38.26 1 1
gallery-downloader/scan/source.go:38.26,40.76 2 1
gallery-downloader/scan/source.go:43.5,43.10 1 1
gallery-downloader/scan/source.go:40.76,42.6 1 1
gallery-downloader/scan/anchor_href.go:17.57,19.16 2 1
gallery-downloader/scan/anchor_href.go:22.2,25.8 1 1
gallery-downloader/scan/anchor_href.go:19.16,21.3 1 0
gallery-downloader/scan/anchor_href.go:29.51,31.2 1 0
gallery-downloader/scan/anchor_href.go:35.44,37.2 1 0
gallery-downloader/scan/anchor_href.go:41.52,44.37 3 0
gallery-downloader/scan/anchor_href.go:47.2,47.25 1 0
gallery-downloader/scan/anchor_href.go:44.37,46.3 1 0
gallery-downloader/scan/anchor_href.go:51.47,55.25 3 1
gallery-downloader/scan/anchor_href.go:63.2,64.17 2 1
gallery-downloader/scan/anchor_href.go:55.25,56.67 1 1
gallery-downloader/scan/anchor_href.go:59.3,59.54 1 1
gallery-downloader/scan/anchor_href.go:56.67,58.4 1 1
gallery-downloader/scan/anchor_href.go:59.54,61.4 1 1
gallery-downloader/download/url.go:9.47,14.41 2 1
gallery-downloader/download/url.go:19.2,19.41 1 1
gallery-downloader/download/url.go:27.2,28.13 2 1
gallery-downloader/download/url.go:14.41,18.3 2 1
gallery-downloader/download/url.go:19.41,21.23 2 1
gallery-downloader/download/url.go:24.3,25.14 2 1
gallery-downloader/download/url.go:21.23,23.4 1 1
gallery-downloader/download/download.go:56.38,57.39 1 1
gallery-downloader/download/download.go:82.2,84.3 1 1
gallery-downloader/download/download.go:57.39,78.3 3 1
gallery-downloader/download/download.go:78.8,80.3 1 1
gallery-downloader/download/download.go:88.53,90.16 2 1
gallery-downloader/download/download.go:93.2,96.16 3 1
gallery-downloader/download/download.go:99.2,101.61 2 1
gallery-downloader/download/download.go:115.2,115.52 1 0
gallery-downloader/download/download.go:90.16,92.3 1 0
gallery-downloader/download/download.go:96.16,98.3 1 0
gallery-downloader/download/download.go:101.61,103.56 2 1
gallery-downloader/download/download.go:109.3,110.17 2 1
gallery-downloader/download/download.go:113.3,113.21 1 1
gallery-downloader/download/download.go:103.56,105.18 2 0
gallery-downloader/download/download.go:105.18,107.5 1 0
gallery-downloader/download/download.go:110.17,112.4 1 0
gallery-downloader/download/download.go:119.47,121.24 2 0
gallery-downloader/download/download.go:129.2,132.39 3 0
gallery-downloader/download/download.go:136.2,136.39 1 0
gallery-downloader/download/download.go:139.2,142.30 2 0
gallery-downloader/download/download.go:121.24,123.40 1 0
gallery-downloader/download/download.go:126.3,126.9 1 0
gallery-downloader/download/download.go:123.40,125.4 1 0
gallery-downloader/download/download.go:132.39,134.3 1 0
gallery-downloader/download/download.go:136.39,138.3 1 0
gallery-downloader/download/download.go:142.30,144.3 1 0
gallery-downloader/download/download.go:147.86,149.22 2 0
gallery-downloader/download/download.go:153.2,153.38 1 0
gallery-downloader/download/download.go:149.22,152.3 2 0
gallery-downloader/download/download.go:156.61,158.16 2 0
gallery-downloader/download/download.go:169.2,169.25 1 0
gallery-downloader/download/download.go:184.2,185.45 2 0
gallery-downloader/download/download.go:197.2,197.27 1 0
gallery-downloader/download/download.go:205.2,207.16 3 0
gallery-downloader/download/download.go:158.16,159.28 1 0
gallery-downloader/download/download.go:167.3,167.9 1 0
gallery-downloader/download/download.go:159.28,166.4 1 0
gallery-downloader/download/download.go:169.25,170.59 1 0
gallery-downloader/download/download.go:182.3,182.50 1 0
gallery-downloader/download/download.go:170.59,171.29 1 0
gallery-downloader/download/download.go:180.4,180.10 1 0
gallery-downloader/download/download.go:171.29,179.5 1 0
gallery-downloader/download/download.go:185.45,186.28 1 0
gallery-downloader/download/download.go:195.3,195.9 1 0
gallery-downloader/download/download.go:186.28,194.4 1 0
gallery-downloader/download/download.go:197.27,204.3 1 0
gallery-downloader/download/download.go:207.16,208.28 1 0
gallery-downloader/download/download.go:208.28,216.4 1 0
gallery-downloader/download/download.go:217.8,225.16 2 0
gallery-downloader/download/download.go:230.3,230.57 1 0
gallery-downloader/download/download.go:225.16,229.4 2 0
gallery-downloader/download/download.go:230.57,234.29 3 0
gallery-downloader/download/download.go:238.4,238.68 1 0
gallery-downloader/download/download.go:234.29,236.5 1 0
gallery-downloader/download/download.go:239.9,241.29 1 0
gallery-downloader/download/download.go:241.29,243.5 1 0
gallery-downloader/download/download.go:248.74,250.16 2 1
gallery-downloader/download/download.go:253.2,256.18 2 1
gallery-downloader/download/download.go:260.2,261.16 2 1
gallery-downloader/download/download.go:264.2,266.61 2 1
gallery-downloader/download/download.go:288.2,288.50 1 0
gallery-downloader/download/download.go:250.16,252.3 1 0
gallery-downloader/download/download.go:256.18,258.3 1 1
gallery-downloader/download/download.go:261.16,263.3 1 0
gallery-downloader/download/download.go:266.61,268.17 2 1
gallery-downloader/download/download.go:271.3,275.56 3 1
gallery-downloader/download/download.go:282.3,283.17 2 1
gallery-downloader/download/download.go:286.3,286.19 1 1
gallery-downloader/download/download.go:268.17,270.4 1 0
gallery-downloader/download/download.go:275.56,277.18 2 0
gallery-downloader/download/download.go:277.18,279.5 1 0
gallery-downloader/download/download.go:283.17,285.4 1 0
gallery-downloader/download/download.go:291.65,293.54 2 1
gallery-downloader/download/download.go:293.54,295.3 1 1
gallery-downloader/download/download.go:298.68,300.57 2 1
gallery-downloader/download/download.go:300.57,302.3 1 1
gallery-downloader/download/download.go:305.59,306.57 1 1
gallery-downloader/download/download.go:310.2,310.34 1 1
gallery-downloader/download/download.go:320.2,320.25 1 1
gallery-downloader/download/download.go:324.2,324.46 1 1
gallery-downloader/download/download.go:306.57,308.3 1 1
gallery-downloader/download/download.go:310.34,311.55 1 1
gallery-downloader/download/download.go:311.55,313.4 1 1
gallery-downloader/download/download.go:314.8,314.42 1 1
gallery-downloader/download/download.go:314.42,315.56 1 1
gallery-downloader/download/download.go:315.56,317.4 1 1
gallery-downloader/download/download.go:320.25,322.3 1 1
gallery-downloader/download/download.go:324.46,326.3 1 1
gallery-downloader/download/file.go:11.41,12.64 1 0
gallery-downloader/download/file.go:24.2,24.17 1 0
gallery-downloader/download/file.go:12.64,16.7 4 0
gallery-downloader/download/file.go:16.7,18.55 2 0
gallery-downloader/download/file.go:21.4,21.11 1 0
gallery-downloader/download/file.go:18.55,20.5 1 0
